<?xml version="1.0" encoding="UTF-8"?>
<!-- Generated by org.testng.reporters.JUnitReportReporter -->
<testsuite hostname="DESKTOP-I7KL6VP" failures="0" tests="1" name="mobile.Native" time="27.274" errors="0" timestamp="2023-01-18T23:41:51 IST" skipped="0">
  <testcase classname="mobile.Native" name="Check_1" time="27.274"/>
  <system-out/>
</testsuite> <!-- mobile.Native -->
