<?xml version="1.0" encoding="UTF-8"?>
<!-- Generated by org.testng.reporters.JUnitReportReporter -->
<testsuite hostname="DESKTOP-I7KL6VP" failures="0" tests="1" name="mobile.BanjaraRide" time="62.502" errors="0" timestamp="2023-01-29T21:38:39 IST" skipped="0">
  <testcase classname="mobile.BanjaraRide" name="Login" time="62.502"/>
  <system-out/>
</testsuite> <!-- mobile.BanjaraRide -->
